<?xml version="1.0" encoding="UTF-8"?>
<!-- Generated by org.testng.reporters.JUnitReportReporter -->
<testsuite hostname="DESKTOP-2GVM4GL" failures="0" tests="1" name="test_class.PutTc1" time="1.238" errors="0" timestamp="2023-06-15T17:51:03 IST" skipped="0">
  <testcase classname="test_class.PutTc1" name="orchestrator" time="1.238"/>
  <system-out/>
</testsuite> <!-- test_class.PutTc1 -->
