<?xml version="1.0" encoding="UTF-8"?>
<!-- Generated by org.testng.reporters.JUnitReportReporter -->
<testsuite hostname="DESKTOP-2GVM4GL" failures="0" tests="1" name="test_class.GetTc1" time="6.163" errors="0" timestamp="2023-06-15T17:51:03 IST" skipped="0">
  <testcase classname="test_class.GetTc1" name="orchestrator" time="6.163"/>
  <system-out/>
</testsuite> <!-- test_class.GetTc1 -->
